[debug] [2022-10-04T21:18:18.075Z] ----------------------------------------------------------------------
[debug] [2022-10-04T21:18:18.078Z] Command:       C:\Program Files\nodejs\node.exe C:\Users\marfl\AppData\Roaming\npm\node_modules\firebase-tools\lib\bin\firebase.js emulators:start
[debug] [2022-10-04T21:18:18.079Z] CLI Version:   11.3.0
[debug] [2022-10-04T21:18:18.079Z] Platform:      win32
[debug] [2022-10-04T21:18:18.079Z] Node Version:  v16.15.0
[debug] [2022-10-04T21:18:18.086Z] Time:          Tue Oct 04 2022 14:18:18 GMT-0700 (hora de verano del Pacífico)
[debug] [2022-10-04T21:18:18.087Z] ----------------------------------------------------------------------
[debug] 
[debug] [2022-10-04T21:18:18.181Z] > command requires scopes: ["email","openid","https://www.googleapis.com/auth/cloudplatformprojects.readonly","https://www.googleapis.com/auth/firebase","https://www.googleapis.com/auth/cloud-platform"]
[debug] [2022-10-04T21:18:18.181Z] > authorizing via signed-in user (laza.mar64@gmail.com)
[debug] [2022-10-04T21:18:18.407Z] java version "17.0.1" 2021-10-19 LTS
Java(TM) SE Runtime Environment (build 17.0.1+12-LTS-39)

[debug] [2022-10-04T21:18:18.409Z] Java HotSpot(TM) 64-Bit Server VM (build 17.0.1+12-LTS-39, mixed mode, sharing)

[debug] [2022-10-04T21:18:18.481Z] Parsed Java major version: 17
[info] i  emulators: Starting emulators: auth, functions, firestore, storage {"metadata":{"emulator":{"name":"hub"},"message":"Starting emulators: auth, functions, firestore, storage"}}
[debug] [2022-10-04T21:18:18.536Z] [hub] writing locator at C:\Users\marfl\AppData\Local\Temp\hub-vent-d1d85.json
[warn] !  functions: The following emulators are not running, calls to these services from the Functions emulator will affect production: database, hosting, pubsub {"metadata":{"emulator":{"name":"functions"},"message":"The following emulators are not running, calls to these services from the Functions emulator will affect production: \u001b[1mdatabase, hosting, pubsub\u001b[22m"}}
[info] +  functions: Using node@16 from host. {"metadata":{"emulator":{"name":"functions"},"message":"Using node@16 from host."}}
[debug] [2022-10-04T21:18:18.623Z] defaultcredentials: writing to file C:\Users\marfl\AppData\Roaming\firebase\laza_mar64_gmail.com_application_default_credentials.json
[debug] [2022-10-04T21:18:18.628Z] Setting GAC to C:\Users\marfl\AppData\Roaming\firebase\laza_mar64_gmail.com_application_default_credentials.json {"metadata":{"emulator":{"name":"functions"},"message":"Setting GAC to C:\\Users\\marfl\\AppData\\Roaming\\firebase\\laza_mar64_gmail.com_application_default_credentials.json"}}
[debug] [2022-10-04T21:18:18.635Z] >>> [apiv2][query] GET https://firebase.googleapis.com/v1beta1/projects/vent-d1d85/adminSdkConfig [none]
[debug] [2022-10-04T21:18:18.941Z] <<< [apiv2][status] GET https://firebase.googleapis.com/v1beta1/projects/vent-d1d85/adminSdkConfig 200
[debug] [2022-10-04T21:18:18.943Z] <<< [apiv2][body] GET https://firebase.googleapis.com/v1beta1/projects/vent-d1d85/adminSdkConfig {"projectId":"vent-d1d85","storageBucket":"vent-d1d85.appspot.com","locationId":"us-central"}
[debug] [2022-10-04T21:18:18.978Z] Ignoring unsupported arg: projectId {"metadata":{"emulator":{"name":"firestore"},"message":"Ignoring unsupported arg: projectId"}}
[debug] [2022-10-04T21:18:18.978Z] Ignoring unsupported arg: auto_download {"metadata":{"emulator":{"name":"firestore"},"message":"Ignoring unsupported arg: auto_download"}}
[debug] [2022-10-04T21:18:18.978Z] Starting Firestore Emulator with command {"binary":"java","args":["-Dgoogle.cloud_firestore.debug_log_level=FINE","-Duser.language=en","-jar","C:\\Users\\marfl\\.cache\\firebase\\emulators\\cloud-firestore-emulator-v1.14.4.jar","--host","localhost","--port",8080,"--rules","C:\\Users\\marfl\\Documents\\Front-End-Projects\\react_projects\\3ventxyz-landing-nextjs\\firestore.rules","--functions_emulator","localhost:5001"],"optionalArgs":["port","webchannel_port","host","rules","functions_emulator","seed_from_export"],"joinArgs":false} {"metadata":{"emulator":{"name":"firestore"},"message":"Starting Firestore Emulator with command {\"binary\":\"java\",\"args\":[\"-Dgoogle.cloud_firestore.debug_log_level=FINE\",\"-Duser.language=en\",\"-jar\",\"C:\\\\Users\\\\marfl\\\\.cache\\\\firebase\\\\emulators\\\\cloud-firestore-emulator-v1.14.4.jar\",\"--host\",\"localhost\",\"--port\",8080,\"--rules\",\"C:\\\\Users\\\\marfl\\\\Documents\\\\Front-End-Projects\\\\react_projects\\\\3ventxyz-landing-nextjs\\\\firestore.rules\",\"--functions_emulator\",\"localhost:5001\"],\"optionalArgs\":[\"port\",\"webchannel_port\",\"host\",\"rules\",\"functions_emulator\",\"seed_from_export\"],\"joinArgs\":false}"}}
[info] i  firestore: Firestore Emulator logging to firestore-debug.log {"metadata":{"emulator":{"name":"firestore"},"message":"Firestore Emulator logging to \u001b[1mfirestore-debug.log\u001b[22m"}}
[debug] [2022-10-04T21:18:30.440Z] Ignoring unsupported arg: port {"metadata":{"emulator":{"name":"storage"},"message":"Ignoring unsupported arg: port"}}
[debug] [2022-10-04T21:18:31.640Z] Temp file directory for storage emulator: C:\Users\marfl\AppData\Local\Temp/firebase/storage/blobs {"metadata":{"emulator":{"name":"storage"},"message":"Temp file directory for storage emulator: C:\\Users\\marfl\\AppData\\Local\\Temp/firebase/storage/blobs"}}
[debug] [2022-10-04T21:18:31.652Z] Ignoring unsupported arg: auto_download {"metadata":{"emulator":{"name":"ui"},"message":"Ignoring unsupported arg: auto_download"}}
[debug] [2022-10-04T21:18:31.652Z] Ignoring unsupported arg: port {"metadata":{"emulator":{"name":"ui"},"message":"Ignoring unsupported arg: port"}}
[debug] [2022-10-04T21:18:31.652Z] Starting Emulator UI with command {"binary":"node","args":["C:\\Users\\marfl\\.cache\\firebase\\emulators\\ui-v1.8.1\\server\\server.js"],"optionalArgs":[],"joinArgs":false} {"metadata":{"emulator":{"name":"ui"},"message":"Starting Emulator UI with command {\"binary\":\"node\",\"args\":[\"C:\\\\Users\\\\marfl\\\\.cache\\\\firebase\\\\emulators\\\\ui-v1.8.1\\\\server\\\\server.js\"],\"optionalArgs\":[],\"joinArgs\":false}"}}
[info] i  ui: Emulator UI logging to ui-debug.log {"metadata":{"emulator":{"name":"ui"},"message":"Emulator UI logging to \u001b[1mui-debug.log\u001b[22m"}}
[debug] [2022-10-04T21:18:31.844Z] Web / API server started at localhost:4000
 {"metadata":{"emulator":{"name":"ui"},"message":"Web / API server started at localhost:4000\n"}}
[info] i  functions: Watching "C:\Users\marfl\Documents\Front-End-Projects\react_projects\3ventxyz-landing-nextjs\functions" for Cloud Functions... {"metadata":{"emulator":{"name":"functions"},"message":"Watching \"C:\\Users\\marfl\\Documents\\Front-End-Projects\\react_projects\\3ventxyz-landing-nextjs\\functions\" for Cloud Functions..."}}
[debug] [2022-10-04T21:18:31.928Z] Validating nodejs source
[debug] [2022-10-04T21:18:37.476Z] > [functions] package.json contents: {
  "name": "functions",
  "description": "Cloud Functions for Firebase",
  "scripts": {
    "lint": "eslint .",
    "serve": "firebase emulators:start --only functions",
    "shell": "firebase functions:shell",
    "start": "npm run shell",
    "deploy": "firebase deploy --only functions",
    "logs": "firebase functions:log"
  },
  "engines": {
    "node": "16"
  },
  "main": "index.js",
  "dependencies": {
    "firebase-admin": "^10.0.2",
    "firebase-functions": "^3.18.0"
  },
  "devDependencies": {
    "eslint": "^8.9.0",
    "eslint-config-google": "^0.14.0",
    "firebase-functions-test": "^0.2.0"
  },
  "private": true
}
[debug] [2022-10-04T21:18:37.477Z] Building nodejs source
[debug] [2022-10-04T21:18:37.477Z] Analyzing nodejs backend spec
[debug] [2022-10-04T21:18:37.480Z] Could not find functions.yaml. Must use http discovery
[debug] [2022-10-04T21:18:37.959Z] Serving at port 9005

[debug] [2022-10-04T21:18:38.052Z] Got response from /__/functions.yaml {"endpoints":{"helloWorld":{"platform":"gcfv1","httpsTrigger":{},"entryPoint":"helloWorld"},"helloWorld2":{"platform":"gcfv1","httpsTrigger":{},"entryPoint":"helloWorld2"}},"specVersion":"v1alpha1","requiredAPIs":[]}
[debug] [2022-10-04T21:18:38.067Z] shutdown requested via /__/quitquitquit

[info] +  functions[us-central1-helloWorld]: http function initialized (http://localhost:5001/vent-d1d85/us-central1/helloWorld). {"metadata":{"emulator":{"name":"functions"},"message":"\u001b[1mhttp\u001b[22m function initialized (http://localhost:5001/vent-d1d85/us-central1/helloWorld)."}}
[info] +  functions[us-central1-helloWorld2]: http function initialized (http://localhost:5001/vent-d1d85/us-central1/helloWorld2). {"metadata":{"emulator":{"name":"functions"},"message":"\u001b[1mhttp\u001b[22m function initialized (http://localhost:5001/vent-d1d85/us-central1/helloWorld2)."}}
[info] 
┌─────────────────────────────────────────────────────────────┐
│ ✔  All emulators ready! It is now safe to connect your app. │
│ i  View Emulator UI at http://localhost:4000                │
└─────────────────────────────────────────────────────────────┘

┌────────────────┬────────────────┬─────────────────────────────────┐
│ Emulator       │ Host:Port      │ View in Emulator UI             │
├────────────────┼────────────────┼─────────────────────────────────┤
│ Authentication │ localhost:9099 │ http://localhost:4000/auth      │
├────────────────┼────────────────┼─────────────────────────────────┤
│ Functions      │ localhost:5001 │ http://localhost:4000/functions │
├────────────────┼────────────────┼─────────────────────────────────┤
│ Firestore      │ localhost:8080 │ http://localhost:4000/firestore │
├────────────────┼────────────────┼─────────────────────────────────┤
│ Storage        │ localhost:9199 │ http://localhost:4000/storage   │
└────────────────┴────────────────┴─────────────────────────────────┘
  Emulator Hub running at localhost:4400
  Other reserved ports: 4500

Issues? Report them at https://github.com/firebase/firebase-tools/issues and attach the *-debug.log files.
 
[warn] !  firestore: Fatal error occurred: 
   Firestore Emulator has exited with code: 3221225786, 
   stopping all running emulators {"metadata":{"emulator":{"name":"firestore"},"message":"Fatal error occurred: \n   Firestore Emulator has exited with code: 3221225786, \n   stopping all running emulators"}}
